This file contains any messages produced by compilers while
running configure, to aid debugging if configure makes a mistake.

It was created by configure, which was
generated by GNU Autoconf 2.69.  Invocation command line was

  $ ./configure --build x86_64-pc-linux-gnu --host aarch64-linux-gnu LDFLAGS=-static -pthread --enable-mpers=check

## --------- ##
## Platform. ##
## --------- ##

hostname = ubuntu
uname -m = x86_64
uname -r = 4.15.0-142-generic
uname -s = Linux
uname -v = #146~16.04.1-Ubuntu SMP Tue Apr 13 09:27:15 UTC 2021

/usr/bin/uname -p = unknown
/bin/uname -X     = unknown

/bin/arch              = unknown
/usr/bin/arch -k       = unknown
/usr/convex/getsysinfo = unknown
/usr/bin/hostinfo      = unknown
/bin/machine           = unknown
/usr/bin/oslevel       = unknown
/bin/universe          = unknown

PATH: /home/faezeh/.opam/system/bin
PATH: /home/faezeh/bin
PATH: /home/faezeh/.local/bin
PATH: /usr/local/sbin
PATH: /usr/local/bin
PATH: /usr/sbin
PATH: /usr/bin
PATH: /sbin
PATH: /bin
PATH: /usr/games
PATH: /usr/local/games
PATH: /snap/bin


## ----------- ##
## Core tests. ##
## ----------- ##

configure:2231: checking for aarch64-linux-gnu-gcc
configure:2247: found /usr/bin/aarch64-linux-gnu-gcc
configure:2258: result: aarch64-linux-gnu-gcc
configure:2527: checking for C compiler version
configure:2536: aarch64-linux-gnu-gcc --version >&5
aarch64-linux-gnu-gcc (Ubuntu/Linaro 5.4.0-6ubuntu1~16.04.9) 5.4.0 20160609
Copyright (C) 2015 Free Software Foundation, Inc.
This is free software; see the source for copying conditions.  There is NO
warranty; not even for MERCHANTABILITY or FITNESS FOR A PARTICULAR PURPOSE.

configure:2547: $? = 0
configure:2536: aarch64-linux-gnu-gcc -v >&5
Using built-in specs.
COLLECT_GCC=aarch64-linux-gnu-gcc
COLLECT_LTO_WRAPPER=/usr/lib/gcc-cross/aarch64-linux-gnu/5/lto-wrapper
Target: aarch64-linux-gnu
Configured with: ../src/configure -v --with-pkgversion='Ubuntu/Linaro 5.4.0-6ubuntu1~16.04.9' --with-bugurl=file:///usr/share/doc/gcc-5/README.Bugs --enable-languages=c,ada,c++,java,go,d,fortran,objc,obj-c++ --prefix=/usr --program-suffix=-5 --enable-shared --enable-linker-build-id --libexecdir=/usr/lib --without-included-gettext --enable-threads=posix --libdir=/usr/lib --enable-nls --with-sysroot=/ --enable-clocale=gnu --enable-libstdcxx-debug --enable-libstdcxx-time=yes --with-default-libstdcxx-abi=new --enable-gnu-unique-object --disable-libquadmath --enable-plugin --with-system-zlib --disable-browser-plugin --enable-java-awt=gtk --enable-gtk-cairo --with-java-home=/usr/lib/jvm/java-1.5.0-gcj-5-arm64-cross/jre --enable-java-home --with-jvm-root-dir=/usr/lib/jvm/java-1.5.0-gcj-5-arm64-cross --with-jvm-jar-dir=/usr/lib/jvm-exports/java-1.5.0-gcj-5-arm64-cross --with-arch-directory=aarch64 --with-ecj-jar=/usr/share/java/eclipse-ecj.jar --disable-libgcj --enable-multiarch --enable-fix-cortex-a53-843419 --disable-werror --enable-checking=release --build=x86_64-linux-gnu --host=x86_64-linux-gnu --target=aarch64-linux-gnu --program-prefix=aarch64-linux-gnu- --includedir=/usr/aarch64-linux-gnu/include
Thread model: posix
gcc version 5.4.0 20160609 (Ubuntu/Linaro 5.4.0-6ubuntu1~16.04.9) 
configure:2547: $? = 0
configure:2536: aarch64-linux-gnu-gcc -V >&5
aarch64-linux-gnu-gcc: error: unrecognized command line option '-V'
aarch64-linux-gnu-gcc: fatal error: no input files
compilation terminated.
configure:2547: $? = 1
configure:2536: aarch64-linux-gnu-gcc -qversion >&5
aarch64-linux-gnu-gcc: error: unrecognized command line option '-qversion'
aarch64-linux-gnu-gcc: fatal error: no input files
compilation terminated.
configure:2547: $? = 1
configure:2567: checking whether the C compiler works
configure:2589: aarch64-linux-gnu-gcc   -static -pthread conftest.c  >&5
configure:2593: $? = 0
configure:2641: result: yes
configure:2644: checking for C compiler default output file name
configure:2646: result: a.out
configure:2652: checking for suffix of executables
configure:2659: aarch64-linux-gnu-gcc -o conftest   -static -pthread conftest.c  >&5
configure:2663: $? = 0
configure:2685: result: 
configure:2707: checking whether we are cross compiling
configure:2745: result: yes
configure:2750: checking for suffix of object files
configure:2772: aarch64-linux-gnu-gcc -c   conftest.c >&5
configure:2776: $? = 0
configure:2797: result: o
configure:2801: checking whether we are using the GNU C compiler
configure:2820: aarch64-linux-gnu-gcc -c   conftest.c >&5
configure:2820: $? = 0
configure:2829: result: yes
configure:2838: checking whether aarch64-linux-gnu-gcc accepts -g
configure:2858: aarch64-linux-gnu-gcc -c -g  conftest.c >&5
configure:2858: $? = 0
configure:2899: result: yes
configure:2916: checking for aarch64-linux-gnu-gcc option to accept ISO C89
configure:2979: aarch64-linux-gnu-gcc  -c -g -O2  conftest.c >&5
configure:2979: $? = 0
configure:2992: result: none needed
configure:3056: checking for a BSD-compatible install
configure:3124: result: /usr/bin/install -c
configure:3143: checking build system type
configure:3157: result: x86_64-pc-linux-gnu
configure:3177: checking host system type
configure:3190: result: aarch64-unknown-linux-gnu
configure:3210: checking target system type
configure:3223: result: aarch64-unknown-linux-gnu
configure:3262: checking for msvc cl.exe (optional)
configure:3278: result: not found
configure:3290: checking for aarch64-linux-gnu-ocamlc
configure:3320: result: no
configure:3330: checking for ocamlc
configure:3346: found /usr/bin/ocamlc
configure:3357: result: ocamlc
configure:3369: WARNING: using cross tools not prefixed with host triplet
configure:3382: result: OCaml version is 4.02.3
configure:3391: result: OCaml library path is /usr/lib/ocaml
configure:3401: checking for aarch64-linux-gnu-ocamlopt
configure:3431: result: no
configure:3441: checking for ocamlopt
configure:3457: found /usr/bin/ocamlopt
configure:3468: result: ocamlopt
configure:3511: checking for aarch64-linux-gnu-ocamlc.opt
configure:3541: result: no
configure:3551: checking for ocamlc.opt
configure:3581: result: no
configure:3615: checking for aarch64-linux-gnu-ocamlopt.opt
configure:3645: result: no
configure:3655: checking for ocamlopt.opt
configure:3685: result: no
configure:3724: checking for aarch64-linux-gnu-ocaml
configure:3754: result: no
configure:3764: checking for ocaml
configure:3780: found /home/faezeh/.opam/system/bin/ocaml
configure:3791: result: ocaml
configure:3818: checking for aarch64-linux-gnu-ocamldep
configure:3848: result: no
configure:3858: checking for ocamldep
configure:3874: found /usr/bin/ocamldep
configure:3885: result: ocamldep
configure:3912: checking for aarch64-linux-gnu-ocamlmktop
configure:3942: result: no
configure:3952: checking for ocamlmktop
configure:3968: found /usr/bin/ocamlmktop
configure:3979: result: ocamlmktop
configure:4006: checking for aarch64-linux-gnu-ocamlmklib
configure:4036: result: no
configure:4046: checking for ocamlmklib
configure:4062: found /usr/bin/ocamlmklib
configure:4073: result: ocamlmklib
configure:4100: checking for aarch64-linux-gnu-ocamldoc
configure:4130: result: no
configure:4140: checking for ocamldoc
configure:4156: found /usr/bin/ocamldoc
configure:4167: result: ocamldoc
configure:4194: checking for aarch64-linux-gnu-ocamlbuild
configure:4224: result: no
configure:4234: checking for ocamlbuild
configure:4250: found /usr/bin/ocamlbuild
configure:4261: result: ocamlbuild
configure:4296: checking for aarch64-linux-gnu-ocamllex
configure:4326: result: no
configure:4336: checking for ocamllex
configure:4352: found /usr/bin/ocamllex
configure:4363: result: ocamllex
configure:4389: checking for aarch64-linux-gnu-ocamllex.opt
configure:4419: result: no
configure:4429: checking for ocamllex.opt
configure:4459: result: no
configure:4491: checking for aarch64-linux-gnu-ocamlyacc
configure:4521: result: no
configure:4531: checking for ocamlyacc
configure:4547: found /usr/bin/ocamlyacc
configure:4558: result: ocamlyacc
configure:4591: checking for aarch64-linux-gnu-ocamlfind
configure:4621: result: no
configure:4631: checking for ocamlfind
configure:4647: found /home/faezeh/.opam/system/bin/ocamlfind
configure:4658: result: ocamlfind
configure:4691: checking for aarch64-linux-gnu-perl
configure:4721: result: no
configure:4731: checking for perl
configure:4747: found /usr/bin/perl
configure:4758: result: perl
configure:4788: checking for gcc version
configure:4796: checking how to run the C preprocessor
configure:4827: aarch64-linux-gnu-gcc -E  conftest.c
configure:4827: $? = 0
configure:4841: aarch64-linux-gnu-gcc -E  conftest.c
conftest.c:9:28: fatal error: ac_nonexistent.h: No such file or directory
compilation terminated.
configure:4841: $? = 1
configure: failed program was:
| /* confdefs.h */
| #define PACKAGE_NAME ""
| #define PACKAGE_TARNAME ""
| #define PACKAGE_VERSION ""
| #define PACKAGE_STRING ""
| #define PACKAGE_BUGREPORT ""
| #define PACKAGE_URL ""
| /* end confdefs.h.  */
| #include <ac_nonexistent.h>
configure:4866: result: aarch64-linux-gnu-gcc -E
configure:4886: aarch64-linux-gnu-gcc -E  conftest.c
configure:4886: $? = 0
configure:4900: aarch64-linux-gnu-gcc -E  conftest.c
conftest.c:9:28: fatal error: ac_nonexistent.h: No such file or directory
compilation terminated.
configure:4900: $? = 1
configure: failed program was:
| /* confdefs.h */
| #define PACKAGE_NAME ""
| #define PACKAGE_TARNAME ""
| #define PACKAGE_VERSION ""
| #define PACKAGE_STRING ""
| #define PACKAGE_BUGREPORT ""
| #define PACKAGE_URL ""
| /* end confdefs.h.  */
| #include <ac_nonexistent.h>
configure:4929: checking for grep that handles long lines and -e
configure:4987: result: /bin/grep
configure:4992: checking for egrep
configure:5054: result: /bin/grep -E
configure:5059: checking for ANSI C header files
configure:5079: aarch64-linux-gnu-gcc -c -g -O2  conftest.c >&5
configure:5079: $? = 0
configure:5163: result: yes
configure:5176: checking for sys/types.h
configure:5176: aarch64-linux-gnu-gcc -c -g -O2  conftest.c >&5
configure:5176: $? = 0
configure:5176: result: yes
configure:5176: checking for sys/stat.h
configure:5176: aarch64-linux-gnu-gcc -c -g -O2  conftest.c >&5
configure:5176: $? = 0
configure:5176: result: yes
configure:5176: checking for stdlib.h
configure:5176: aarch64-linux-gnu-gcc -c -g -O2  conftest.c >&5
configure:5176: $? = 0
configure:5176: result: yes
configure:5176: checking for string.h
configure:5176: aarch64-linux-gnu-gcc -c -g -O2  conftest.c >&5
configure:5176: $? = 0
configure:5176: result: yes
configure:5176: checking for memory.h
configure:5176: aarch64-linux-gnu-gcc -c -g -O2  conftest.c >&5
configure:5176: $? = 0
configure:5176: result: yes
configure:5176: checking for strings.h
configure:5176: aarch64-linux-gnu-gcc -c -g -O2  conftest.c >&5
configure:5176: $? = 0
configure:5176: result: yes
configure:5176: checking for inttypes.h
configure:5176: aarch64-linux-gnu-gcc -c -g -O2  conftest.c >&5
configure:5176: $? = 0
configure:5176: result: yes
configure:5176: checking for stdint.h
configure:5176: aarch64-linux-gnu-gcc -c -g -O2  conftest.c >&5
configure:5176: $? = 0
configure:5176: result: yes
configure:5176: checking for unistd.h
configure:5176: aarch64-linux-gnu-gcc -c -g -O2  conftest.c >&5
configure:5176: $? = 0
configure:5176: result: yes
configure:5188: checking for __builtin_va_list
configure:5188: aarch64-linux-gnu-gcc -c -g -O2  conftest.c >&5
configure:5188: $? = 0
configure:5188: aarch64-linux-gnu-gcc -c -g -O2  conftest.c >&5
conftest.c: In function 'main':
conftest.c:55:32: error: expected expression before ')' token
 if (sizeof ((__builtin_va_list)))
                                ^
configure:5188: $? = 1
configure: failed program was:
| /* confdefs.h */
| #define PACKAGE_NAME ""
| #define PACKAGE_TARNAME ""
| #define PACKAGE_VERSION ""
| #define PACKAGE_STRING ""
| #define PACKAGE_BUGREPORT ""
| #define PACKAGE_URL ""
| #define STDC_HEADERS 1
| #define HAVE_SYS_TYPES_H 1
| #define HAVE_SYS_STAT_H 1
| #define HAVE_STDLIB_H 1
| #define HAVE_STRING_H 1
| #define HAVE_MEMORY_H 1
| #define HAVE_STRINGS_H 1
| #define HAVE_INTTYPES_H 1
| #define HAVE_STDINT_H 1
| #define HAVE_UNISTD_H 1
| /* end confdefs.h.  */
| #include <stdio.h>
| #ifdef HAVE_SYS_TYPES_H
| # include <sys/types.h>
| #endif
| #ifdef HAVE_SYS_STAT_H
| # include <sys/stat.h>
| #endif
| #ifdef STDC_HEADERS
| # include <stdlib.h>
| # include <stddef.h>
| #else
| # ifdef HAVE_STDLIB_H
| #  include <stdlib.h>
| # endif
| #endif
| #ifdef HAVE_STRING_H
| # if !defined STDC_HEADERS && defined HAVE_MEMORY_H
| #  include <memory.h>
| # endif
| # include <string.h>
| #endif
| #ifdef HAVE_STRINGS_H
| # include <strings.h>
| #endif
| #ifdef HAVE_INTTYPES_H
| # include <inttypes.h>
| #endif
| #ifdef HAVE_STDINT_H
| # include <stdint.h>
| #endif
| #ifdef HAVE_UNISTD_H
| # include <unistd.h>
| #endif
| int
| main ()
| {
| if (sizeof ((__builtin_va_list)))
| 	    return 0;
|   ;
|   return 0;
| }
configure:5188: result: yes
configure:5195: checking if __thread is a keyword
configure:5201: aarch64-linux-gnu-gcc -c -g -O2  conftest.c >&5
conftest.c:19:1: error: storage class specified for unnamed parameter
 int main(int __thread) { return 0; }
 ^
conftest.c: In function 'main':
conftest.c:19:1: error: parameter name omitted
configure:5201: $? = 1
configure: failed program was:
| /* confdefs.h */
| #define PACKAGE_NAME ""
| #define PACKAGE_TARNAME ""
| #define PACKAGE_VERSION ""
| #define PACKAGE_STRING ""
| #define PACKAGE_BUGREPORT ""
| #define PACKAGE_URL ""
| #define STDC_HEADERS 1
| #define HAVE_SYS_TYPES_H 1
| #define HAVE_SYS_STAT_H 1
| #define HAVE_STDLIB_H 1
| #define HAVE_STRING_H 1
| #define HAVE_MEMORY_H 1
| #define HAVE_STRINGS_H 1
| #define HAVE_INTTYPES_H 1
| #define HAVE_STDINT_H 1
| #define HAVE_UNISTD_H 1
| /* end confdefs.h.  */
| int main(int __thread) { return 0; }
configure:5207: result: true
configure:5212: checking if gcc adds underscores to assembly labels.
configure:5218: aarch64-linux-gnu-gcc -o conftest -g -O2  -static -pthread conftest.c  >&5
/tmp/ccNwCViW.s: Assembler messages:
/tmp/ccNwCViW.s:19: Error: unknown mnemonic `jmp' -- `jmp _main'
configure:5218: $? = 1
configure: failed program was:
| /* confdefs.h */
| #define PACKAGE_NAME ""
| #define PACKAGE_TARNAME ""
| #define PACKAGE_VERSION ""
| #define PACKAGE_STRING ""
| #define PACKAGE_BUGREPORT ""
| #define PACKAGE_URL ""
| #define STDC_HEADERS 1
| #define HAVE_SYS_TYPES_H 1
| #define HAVE_SYS_STAT_H 1
| #define HAVE_STDLIB_H 1
| #define HAVE_STRING_H 1
| #define HAVE_MEMORY_H 1
| #define HAVE_STRINGS_H 1
| #define HAVE_INTTYPES_H 1
| #define HAVE_STDINT_H 1
| #define HAVE_UNISTD_H 1
| /* end confdefs.h.  */
| int main() { __asm__("jmp _main"); }
configure:5225: result: false
configure:5233: checking for ANSI C header files
configure:5337: result: yes
configure:5348: checking for stdlib.h
configure:5348: result: yes
configure:5348: checking for strings.h
configure:5348: result: yes
configure:5348: checking sys/time.h usability
configure:5348: aarch64-linux-gnu-gcc -c -g -O2  conftest.c >&5
configure:5348: $? = 0
configure:5348: result: yes
configure:5348: checking sys/time.h presence
configure:5348: aarch64-linux-gnu-gcc -E  conftest.c
configure:5348: $? = 0
configure:5348: result: yes
configure:5348: checking for sys/time.h
configure:5348: result: yes
configure:5348: checking for unistd.h
configure:5348: result: yes
configure:5348: checking wchar.h usability
configure:5348: aarch64-linux-gnu-gcc -c -g -O2  conftest.c >&5
configure:5348: $? = 0
configure:5348: result: yes
configure:5348: checking wchar.h presence
configure:5348: aarch64-linux-gnu-gcc -E  conftest.c
configure:5348: $? = 0
configure:5348: result: yes
configure:5348: checking for wchar.h
configure:5348: result: yes
configure:5348: checking stdbool.h usability
configure:5348: aarch64-linux-gnu-gcc -c -g -O2  conftest.c >&5
configure:5348: $? = 0
configure:5348: result: yes
configure:5348: checking stdbool.h presence
configure:5348: aarch64-linux-gnu-gcc -E  conftest.c
configure:5348: $? = 0
configure:5348: result: yes
configure:5348: checking for stdbool.h
configure:5348: result: yes
configure:5360: checking for an ANSI C-conforming const
configure:5426: aarch64-linux-gnu-gcc -c -g -O2  conftest.c >&5
configure:5426: $? = 0
configure:5433: result: yes
configure:5441: checking for inline
configure:5457: aarch64-linux-gnu-gcc -c -g -O2  conftest.c >&5
configure:5457: $? = 0
configure:5465: result: inline
configure:5483: checking whether time.h and sys/time.h may both be included
configure:5503: aarch64-linux-gnu-gcc -c -g -O2  conftest.c >&5
configure:5503: $? = 0
configure:5510: result: yes
configure:5520: checking for working memcmp
configure:5573: result: no
configure:5585: checking for mkdir
configure:5585: aarch64-linux-gnu-gcc -o conftest -g -O2  -static -pthread conftest.c  >&5
configure:5585: $? = 0
configure:5585: result: yes
configure:5585: checking for select
configure:5585: aarch64-linux-gnu-gcc -o conftest -g -O2  -static -pthread conftest.c  >&5
configure:5585: $? = 0
configure:5585: result: yes
configure:5585: checking for socket
configure:5585: aarch64-linux-gnu-gcc -o conftest -g -O2  -static -pthread conftest.c  >&5
configure:5585: $? = 0
configure:5585: result: yes
configure:5585: checking for __sysv_signal
configure:5585: aarch64-linux-gnu-gcc -o conftest -g -O2  -static -pthread conftest.c  >&5
configure:5585: $? = 0
configure:5585: result: yes
configure:5597: checking for real definition of size_t
configure:5614: aarch64-linux-gnu-gcc -c -g -O2  conftest.c >&5
conftest.c:38:8: error: conflicting types for 'foo'
 size_t foo(size_t x) { return x; }
        ^
conftest.c:37:5: note: previous declaration of 'foo' was here
 int foo(int x);
     ^
configure:5614: $? = 1
configure: failed program was:
| /* confdefs.h */
| #define PACKAGE_NAME ""
| #define PACKAGE_TARNAME ""
| #define PACKAGE_VERSION ""
| #define PACKAGE_STRING ""
| #define PACKAGE_BUGREPORT ""
| #define PACKAGE_URL ""
| #define STDC_HEADERS 1
| #define HAVE_SYS_TYPES_H 1
| #define HAVE_SYS_STAT_H 1
| #define HAVE_STDLIB_H 1
| #define HAVE_STRING_H 1
| #define HAVE_MEMORY_H 1
| #define HAVE_STRINGS_H 1
| #define HAVE_INTTYPES_H 1
| #define HAVE_STDINT_H 1
| #define HAVE_UNISTD_H 1
| #define STDC_HEADERS 1
| #define HAVE_STDLIB_H 1
| #define HAVE_STRINGS_H 1
| #define HAVE_SYS_TIME_H 1
| #define HAVE_UNISTD_H 1
| #define HAVE_WCHAR_H 1
| #define HAVE_STDBOOL_H 1
| #define TIME_WITH_SYS_TIME 1
| #define HAVE_MKDIR 1
| #define HAVE_SELECT 1
| #define HAVE_SOCKET 1
| #define HAVE___SYSV_SIGNAL 1
| /* end confdefs.h.  */
| 
| #include <stddef.h>
| #include <wchar.h>
| /* We define a prototype with one type and the function with
|    another type.  This will result in compilation error
|    unless the types are really identical. */
| int foo(int x);
| size_t foo(size_t x) { return x; }
configure:5633: aarch64-linux-gnu-gcc -c -g -O2  conftest.c >&5
conftest.c:38:8: error: conflicting types for 'foo'
 size_t foo(size_t x) { return x; }
        ^
conftest.c:37:14: note: previous declaration of 'foo' was here
 unsigned int foo(unsigned int x);
              ^
configure:5633: $? = 1
configure: failed program was:
| /* confdefs.h */
| #define PACKAGE_NAME ""
| #define PACKAGE_TARNAME ""
| #define PACKAGE_VERSION ""
| #define PACKAGE_STRING ""
| #define PACKAGE_BUGREPORT ""
| #define PACKAGE_URL ""
| #define STDC_HEADERS 1
| #define HAVE_SYS_TYPES_H 1
| #define HAVE_SYS_STAT_H 1
| #define HAVE_STDLIB_H 1
| #define HAVE_STRING_H 1
| #define HAVE_MEMORY_H 1
| #define HAVE_STRINGS_H 1
| #define HAVE_INTTYPES_H 1
| #define HAVE_STDINT_H 1
| #define HAVE_UNISTD_H 1
| #define STDC_HEADERS 1
| #define HAVE_STDLIB_H 1
| #define HAVE_STRINGS_H 1
| #define HAVE_SYS_TIME_H 1
| #define HAVE_UNISTD_H 1
| #define HAVE_WCHAR_H 1
| #define HAVE_STDBOOL_H 1
| #define TIME_WITH_SYS_TIME 1
| #define HAVE_MKDIR 1
| #define HAVE_SELECT 1
| #define HAVE_SOCKET 1
| #define HAVE___SYSV_SIGNAL 1
| /* end confdefs.h.  */
| 
| #include <stddef.h>
| #include <wchar.h>
| /* We define a prototype with one type and the function with
|    another type.  This will result in compilation error
|    unless the types are really identical. */
| unsigned int foo(unsigned int x);
| size_t foo(size_t x) { return x; }
configure:5654: aarch64-linux-gnu-gcc -c -g -O2  conftest.c >&5
conftest.c:38:8: error: conflicting types for 'foo'
 size_t foo(size_t x) { return x; }
        ^
conftest.c:37:6: note: previous declaration of 'foo' was here
 long foo(long x);
      ^
configure:5654: $? = 1
configure: failed program was:
| /* confdefs.h */
| #define PACKAGE_NAME ""
| #define PACKAGE_TARNAME ""
| #define PACKAGE_VERSION ""
| #define PACKAGE_STRING ""
| #define PACKAGE_BUGREPORT ""
| #define PACKAGE_URL ""
| #define STDC_HEADERS 1
| #define HAVE_SYS_TYPES_H 1
| #define HAVE_SYS_STAT_H 1
| #define HAVE_STDLIB_H 1
| #define HAVE_STRING_H 1
| #define HAVE_MEMORY_H 1
| #define HAVE_STRINGS_H 1
| #define HAVE_INTTYPES_H 1
| #define HAVE_STDINT_H 1
| #define HAVE_UNISTD_H 1
| #define STDC_HEADERS 1
| #define HAVE_STDLIB_H 1
| #define HAVE_STRINGS_H 1
| #define HAVE_SYS_TIME_H 1
| #define HAVE_UNISTD_H 1
| #define HAVE_WCHAR_H 1
| #define HAVE_STDBOOL_H 1
| #define TIME_WITH_SYS_TIME 1
| #define HAVE_MKDIR 1
| #define HAVE_SELECT 1
| #define HAVE_SOCKET 1
| #define HAVE___SYSV_SIGNAL 1
| /* end confdefs.h.  */
| 
| #include <stddef.h>
| #include <wchar.h>
| /* We define a prototype with one type and the function with
|    another type.  This will result in compilation error
|    unless the types are really identical. */
| long foo(long x);
| size_t foo(size_t x) { return x; }
configure:5673: aarch64-linux-gnu-gcc -c -g -O2  conftest.c >&5
configure:5673: $? = 0
configure:5768: result: unsigned long
configure:5772: checking for real definition of wchar_t
configure:5789: aarch64-linux-gnu-gcc -c -g -O2  conftest.c >&5
conftest.c:39:9: error: conflicting types for 'foo'
 wchar_t foo(wchar_t x) { return x; }
         ^
conftest.c:38:5: note: previous declaration of 'foo' was here
 int foo(int x);
     ^
configure:5789: $? = 1
configure: failed program was:
| /* confdefs.h */
| #define PACKAGE_NAME ""
| #define PACKAGE_TARNAME ""
| #define PACKAGE_VERSION ""
| #define PACKAGE_STRING ""
| #define PACKAGE_BUGREPORT ""
| #define PACKAGE_URL ""
| #define STDC_HEADERS 1
| #define HAVE_SYS_TYPES_H 1
| #define HAVE_SYS_STAT_H 1
| #define HAVE_STDLIB_H 1
| #define HAVE_STRING_H 1
| #define HAVE_MEMORY_H 1
| #define HAVE_STRINGS_H 1
| #define HAVE_INTTYPES_H 1
| #define HAVE_STDINT_H 1
| #define HAVE_UNISTD_H 1
| #define STDC_HEADERS 1
| #define HAVE_STDLIB_H 1
| #define HAVE_STRINGS_H 1
| #define HAVE_SYS_TIME_H 1
| #define HAVE_UNISTD_H 1
| #define HAVE_WCHAR_H 1
| #define HAVE_STDBOOL_H 1
| #define TIME_WITH_SYS_TIME 1
| #define HAVE_MKDIR 1
| #define HAVE_SELECT 1
| #define HAVE_SOCKET 1
| #define HAVE___SYSV_SIGNAL 1
| #define TYPE_SIZE_T "unsigned long"
| /* end confdefs.h.  */
| 
| #include <stddef.h>
| #include <wchar.h>
| /* We define a prototype with one type and the function with
|    another type.  This will result in compilation error
|    unless the types are really identical. */
| int foo(int x);
| wchar_t foo(wchar_t x) { return x; }
configure:5808: aarch64-linux-gnu-gcc -c -g -O2  conftest.c >&5
configure:5808: $? = 0
configure:5943: result: unsigned int
configure:6115: checking whether to use CIL feature blockinggraph
configure:6122: result: no
configure:6115: checking whether to use CIL feature zrapp
configure:6122: result: no
configure:6115: checking whether to use CIL feature llvm
configure:6122: result: no
configure:6342: creating ./config.status

## ---------------------- ##
## Running config.status. ##
## ---------------------- ##

This file was extended by config.status, which was
generated by GNU Autoconf 2.69.  Invocation command line was

  CONFIG_FILES    = 
  CONFIG_HEADERS  = 
  CONFIG_LINKS    = 
  CONFIG_COMMANDS = 
  $ ./config.status 

on ubuntu

config.status:867: creating stamp-h
config.status:867: creating Makefile
config.status:867: creating config.mk
config.status:867: creating lib/App/Cilly/CilConfig.pm
config.status:867: creating doc/index.html
config.status:867: creating doc/header.html
config.status:867: creating src/machdep-ml.c
config.status:867: creating config.h
configure:7523: WARNING: unrecognized options: --enable-mpers

## ---------------- ##
## Cache variables. ##
## ---------------- ##

ac_cv_build=x86_64-pc-linux-gnu
ac_cv_c_compiler_gnu=yes
ac_cv_c_const=yes
ac_cv_c_inline=inline
ac_cv_env_CC_set=
ac_cv_env_CC_value=
ac_cv_env_CFLAGS_set=
ac_cv_env_CFLAGS_value=
ac_cv_env_CPPFLAGS_set=
ac_cv_env_CPPFLAGS_value=
ac_cv_env_CPP_set=
ac_cv_env_CPP_value=
ac_cv_env_FORCE_PERL_PREFIX_set=
ac_cv_env_FORCE_PERL_PREFIX_value=
ac_cv_env_LDFLAGS_set=set
ac_cv_env_LDFLAGS_value='-static -pthread'
ac_cv_env_LIBS_set=
ac_cv_env_LIBS_value=
ac_cv_env_build_alias_set=set
ac_cv_env_build_alias_value=x86_64-pc-linux-gnu
ac_cv_env_host_alias_set=set
ac_cv_env_host_alias_value=aarch64-linux-gnu
ac_cv_env_target_alias_set=
ac_cv_env_target_alias_value=
ac_cv_func___sysv_signal=yes
ac_cv_func_memcmp_working=no
ac_cv_func_mkdir=yes
ac_cv_func_select=yes
ac_cv_func_socket=yes
ac_cv_header_inttypes_h=yes
ac_cv_header_memory_h=yes
ac_cv_header_stdbool_h=yes
ac_cv_header_stdc=yes
ac_cv_header_stdint_h=yes
ac_cv_header_stdlib_h=yes
ac_cv_header_string_h=yes
ac_cv_header_strings_h=yes
ac_cv_header_sys_stat_h=yes
ac_cv_header_sys_time_h=yes
ac_cv_header_sys_types_h=yes
ac_cv_header_time=yes
ac_cv_header_unistd_h=yes
ac_cv_header_wchar_h=yes
ac_cv_host=aarch64-unknown-linux-gnu
ac_cv_objext=o
ac_cv_path_EGREP='/bin/grep -E'
ac_cv_path_GREP=/bin/grep
ac_cv_path_install='/usr/bin/install -c'
ac_cv_prog_CC=aarch64-linux-gnu-gcc
ac_cv_prog_CPP='aarch64-linux-gnu-gcc -E'
ac_cv_prog_ac_ct_OCAML=ocaml
ac_cv_prog_ac_ct_OCAMLBUILD=ocamlbuild
ac_cv_prog_ac_ct_OCAMLC=ocamlc
ac_cv_prog_ac_ct_OCAMLDEP=ocamldep
ac_cv_prog_ac_ct_OCAMLDOC=ocamldoc
ac_cv_prog_ac_ct_OCAMLFIND=ocamlfind
ac_cv_prog_ac_ct_OCAMLLEX=ocamllex
ac_cv_prog_ac_ct_OCAMLMKLIB=ocamlmklib
ac_cv_prog_ac_ct_OCAMLMKTOP=ocamlmktop
ac_cv_prog_ac_ct_OCAMLOPT=ocamlopt
ac_cv_prog_ac_ct_OCAMLYACC=ocamlyacc
ac_cv_prog_ac_ct_PERL=perl
ac_cv_prog_cc_c89=
ac_cv_prog_cc_g=yes
ac_cv_target=aarch64-unknown-linux-gnu
ac_cv_type___builtin_va_list=yes

## ----------------- ##
## Output variables. ##
## ----------------- ##

CC='aarch64-linux-gnu-gcc'
CFLAGS='-g -O2'
CIL_VERSION='1.7.3'
CIL_VERSION_MAJOR='1'
CIL_VERSION_MINOR='7'
CIL_VERSION_REV='3'
CPP='aarch64-linux-gnu-gcc -E'
CPPFLAGS=''
DEFAULT_CIL_MODE='GNUCC'
DEFAULT_COMPILER='_GNUCC'
DEFS='-DHAVE_CONFIG_H'
ECHO_C=''
ECHO_N='-n'
ECHO_T=''
EGREP='/bin/grep -E'
EMUL=''
EXEEXT=''
EXTRAFEATURES=''
EXTRASRCDIRS=''
FORCE_PERL_PREFIX=''
GREP='/bin/grep'
HAS_MSVC='no'
HAVE_BUILTIN_VA_LIST='true'
INSTALL_DATA='${INSTALL} -m 644'
INSTALL_PROGRAM='${INSTALL}'
INSTALL_SCRIPT='${INSTALL}'
LDFLAGS='-static -pthread'
LIBOBJS=' ${LIBOBJDIR}memcmp$U.o'
LIBS=''
LTLIBOBJS=' ${LIBOBJDIR}memcmp$U.lo'
OBJEXT='o'
OCAML='ocaml'
OCAMLBEST='opt'
OCAMLBUILD='ocamlbuild'
OCAMLC='ocamlc'
OCAMLCDOTOPT='no'
OCAMLDEP='ocamldep'
OCAMLDOC='ocamldoc'
OCAMLFIND='ocamlfind'
OCAMLLEX='ocamllex'
OCAMLLEXDOTOPT='no'
OCAMLLIB='/usr/lib/ocaml'
OCAMLMKLIB='ocamlmklib'
OCAMLMKTOP='ocamlmktop'
OCAMLOPT='ocamlopt'
OCAMLOPTDOTOPT='no'
OCAMLVERSION='4.02.3'
OCAMLYACC='ocamlyacc'
PACKAGE_BUGREPORT=''
PACKAGE_NAME=''
PACKAGE_STRING=''
PACKAGE_TARNAME=''
PACKAGE_URL=''
PACKAGE_VERSION=''
PATH_SEPARATOR=':'
PERL='perl'
SHELL='/bin/bash'
THREAD_IS_KEYWORD='true'
UNDERSCORE_NAME='false'
ac_ct_CC=''
bindir='${exec_prefix}/bin'
build='x86_64-pc-linux-gnu'
build_alias='x86_64-pc-linux-gnu'
build_cpu='x86_64'
build_os='linux-gnu'
build_vendor='pc'
datadir='${datarootdir}'
datarootdir='${prefix}/share'
docdir='${datarootdir}/doc/${PACKAGE}'
dvidir='${docdir}'
exec_prefix='${prefix}'
host='aarch64-unknown-linux-gnu'
host_alias='aarch64-linux-gnu'
host_cpu='aarch64'
host_os='linux-gnu'
host_vendor='unknown'
htmldir='${docdir}'
includedir='${prefix}/include'
infodir='${datarootdir}/info'
libdir='${exec_prefix}/lib'
libexecdir='${exec_prefix}/libexec'
localedir='${datarootdir}/locale'
localstatedir='${prefix}/var'
mandir='${datarootdir}/man'
oldincludedir='/usr/include'
pdfdir='${docdir}'
prefix='/usr/local'
program_transform_name='s,x,x,'
psdir='${docdir}'
sbindir='${exec_prefix}/sbin'
sharedstatedir='${prefix}/com'
sysconfdir='${prefix}/etc'
target='aarch64-unknown-linux-gnu'
target_alias=''
target_cpu='aarch64'
target_os='linux-gnu'
target_vendor='unknown'

## ----------- ##
## confdefs.h. ##
## ----------- ##

/* confdefs.h */
#define PACKAGE_NAME ""
#define PACKAGE_TARNAME ""
#define PACKAGE_VERSION ""
#define PACKAGE_STRING ""
#define PACKAGE_BUGREPORT ""
#define PACKAGE_URL ""
#define STDC_HEADERS 1
#define HAVE_SYS_TYPES_H 1
#define HAVE_SYS_STAT_H 1
#define HAVE_STDLIB_H 1
#define HAVE_STRING_H 1
#define HAVE_MEMORY_H 1
#define HAVE_STRINGS_H 1
#define HAVE_INTTYPES_H 1
#define HAVE_STDINT_H 1
#define HAVE_UNISTD_H 1
#define STDC_HEADERS 1
#define HAVE_STDLIB_H 1
#define HAVE_STRINGS_H 1
#define HAVE_SYS_TIME_H 1
#define HAVE_UNISTD_H 1
#define HAVE_WCHAR_H 1
#define HAVE_STDBOOL_H 1
#define TIME_WITH_SYS_TIME 1
#define HAVE_MKDIR 1
#define HAVE_SELECT 1
#define HAVE_SOCKET 1
#define HAVE___SYSV_SIGNAL 1
#define TYPE_SIZE_T "unsigned long"
#define TYPE_WCHAR_T "unsigned int"

configure: exit 0

## ---------------------- ##
## Running config.status. ##
## ---------------------- ##

This file was extended by config.status, which was
generated by GNU Autoconf 2.69.  Invocation command line was

  CONFIG_FILES    = 
  CONFIG_HEADERS  = 
  CONFIG_LINKS    = 
  CONFIG_COMMANDS = 
  $ ./config.status --file=_build/cilversion.ml:src/cilversion.ml.in

on ubuntu

config.status:867: creating _build/cilversion.ml
